x	f	f-prime
0.000000	0.000286	0.117173
0.004883	0.001144	0.234256
0.009766	0.002573	0.35116
0.014648	0.004573	0.467797
0.019531	0.007141	0.584076
0.024414	0.010276	0.69991
0.029297	0.013975	0.815209
0.034180	0.018236	0.929885
0.039062	0.023055	1.04385
0.043945	0.028429	1.157016
0.048828	0.034353	1.269298
0.053711	0.040823	1.380607
0.058594	0.047833	1.490858
0.063477	0.05538	1.599965
0.068359	0.063456	1.707844
0.073242	0.072056	1.81441
0.078125	0.081173	1.919581
0.083008	0.090799	2.023274
0.087891	0.100929	2.125406
0.092773	0.111553	2.225898
0.097656	0.122663	2.32467
0.102539	0.134252	2.421642
0.107422	0.146309	2.516737
0.112305	0.158826	2.609877
0.117188	0.171793	2.700989
0.122070	0.185199	2.789996
0.126953	0.199035	2.876827
0.131836	0.21329	2.961408
0.136719	0.227951	3.043669
0.141602	0.243009	3.123541
0.146484	0.258451	3.200956
0.151367	0.274264	3.275848
0.156250	0.290437	3.34815
0.161133	0.306957	3.417801
0.166016	0.32381	3.484737
0.170898	0.340983	3.548899
0.175781	0.358462	3.610226
0.180664	0.376234	3.668663
0.185547	0.394284	3.724154
0.190430	0.412598	3.776644
0.195312	0.431161	3.826083
0.200195	0.449957	3.872418
0.205078	0.468972	3.915603
0.209961	0.48819	3.95559
0.214844	0.507596	3.992335
0.219727	0.527173	4.025794
0.224609	0.546905	4.055927
0.229492	0.566776	4.082695
0.234375	0.586769	4.106061
0.239258	0.606868	4.125989
0.244141	0.627056	4.142447
0.249023	0.647316	4.155404
0.253906	0.667631	4.164831
0.258789	0.687983	4.170702
0.263672	0.708355	4.17299
0.268555	0.728729	4.171675
0.273438	0.749088	4.166735
0.278320	0.769414	4.158152
0.283203	0.789689	4.145911
0.288086	0.809895	4.129997
0.292969	0.830015	4.110398
0.297852	0.85003	4.087106
0.302734	0.869922	4.060112
0.307617	0.889673	4.029413
0.312500	0.909265	3.995004
0.317383	0.928681	3.956886
0.322266	0.947901	3.91506
0.327148	0.966908	3.86953
0.332031	0.985683	3.820303
0.336914	1.004209	3.767386
0.341797	1.022468	3.710791
0.346680	1.040442	3.65053
0.351562	1.058112	3.586619
0.356445	1.075461	3.519075
0.361328	1.092472	3.447918
0.366211	1.109126	3.37317
0.371094	1.125407	3.294855
0.375977	1.141297	3.213
0.380859	1.156779	3.127633
0.385742	1.171835	3.038785
0.390625	1.186449	2.94649
0.395508	1.200603	2.850782
0.400391	1.214283	2.751699
0.405273	1.22747	2.64928
0.410156	1.240149	2.543568
0.415039	1.252304	2.434606
0.419922	1.263919	2.32244
0.424805	1.274979	2.207119
0.429688	1.285468	2.088691
0.434570	1.295372	1.967211
0.439453	1.304674	1.842731
0.444336	1.313362	1.715308
0.449219	1.321421	1.585001
0.454102	1.328836	1.451869
0.458984	1.335595	1.315974
0.463867	1.341683	1.177381
0.468750	1.347088	1.036156
0.473633	1.351798	0.892365
0.478516	1.355799	0.746078
0.483398	1.35908	0.597368
0.488281	1.361629	0.446306
0.493164	1.363434	0.292967
0.498047	1.364486	0.137428
0.502930	1.364773	-0.020233
0.507812	1.364285	-0.179936
0.512695	1.363013	-0.341601
0.517578	1.360946	-0.505145
0.522461	1.358077	-0.670483
0.527344	1.354396	-0.83753
0.532227	1.349895	-1.0062
0.537109	1.344567	-1.176402
0.541992	1.338404	-1.348049
0.546875	1.3314	-1.521048
0.551758	1.323548	-1.695308
0.556641	1.314843	-1.870735
0.561523	1.305278	-2.047235
0.566406	1.294848	-2.224712
0.571289	1.283551	-2.40307
0.576172	1.27138	-2.58221
0.581055	1.258333	-2.762035
0.585938	1.244406	-2.942444
0.590820	1.229597	-3.123338
0.595703	1.213904	-3.304615
0.600586	1.197325	-3.486174
0.605469	1.179859	-3.667911
0.610352	1.161505	-3.849724
0.615234	1.142264	-4.031509
0.620117	1.122135	-4.213161
0.625000	1.10112	-4.394575
0.629883	1.07922	-4.575647
0.634766	1.056437	-4.756271
0.639648	1.032773	-4.93634
0.644531	1.008231	-5.115749
0.649414	0.982816	-5.29439
0.654297	0.95653	-5.472158
0.659180	0.929378	-5.648946
0.664062	0.901366	-5.824646
0.668945	0.872499	-5.999153
0.673828	0.842783	-6.172359
0.678711	0.812224	-6.344157
0.683594	0.780831	-6.514442
0.688477	0.748609	-6.683108
0.693359	0.715569	-6.850048
0.698242	0.681717	-7.015156
0.703125	0.647064	-7.178328
0.708008	0.61162	-7.33946
0.712891	0.575394	-7.498446
0.717773	0.538396	-7.655183
0.722656	0.50064	-7.809569
0.727539	0.462135	-7.9615
0.732422	0.422895	-8.110876
0.737305	0.382932	-8.257596
0.742188	0.342259	-8.401559
0.747070	0.30089	-8.542667
0.751953	0.258839	-8.680821
0.756836	0.216121	-8.815925
0.761719	0.172751	-8.947883
0.766602	0.128745	-9.076599
0.771484	0.084118	-9.20198
0.776367	0.038887	-9.323934
0.781250	-0.00693	-9.442369
0.786133	-0.053318	-9.557195
0.791016	-0.100256	-9.668324
0.795898	-0.147729	-9.77567
0.800781	-0.195716	-9.879145
0.805664	-0.244198	-9.978667
0.810547	-0.293157	-10.074152
0.815430	-0.342572	-10.16552
0.820312	-0.392423	-10.252692
0.825195	-0.442689	-10.33559
0.830078	-0.493349	-10.414139
0.834961	-0.544382	-10.488264
0.839844	-0.595766	-10.557894
0.844727	-0.647479	-10.622959
0.849609	-0.699499	-10.68339
0.854492	-0.751802	-10.739121
0.859375	-0.804365	-10.790089
0.864258	-0.857166	-10.83623
0.869141	-0.91018	-10.877485
0.874023	-0.963383	-10.913797
0.878906	-1.016752	-10.945109
0.883789	-1.070261	-10.971369
0.888672	-1.123886	-10.992524
0.893555	-1.177601	-11.008527
0.898438	-1.231382	-11.019331
0.903320	-1.285203	-11.024891
0.908203	-1.339039	-11.025166
0.913086	-1.392862	-11.020117
0.917969	-1.446648	-11.009707
0.922852	-1.50037	-10.993901
0.927734	-1.554002	-10.972667
0.932617	-1.607516	-10.945977
0.937500	-1.660887	-10.913803
0.942383	-1.714087	-10.876121
0.947266	-1.76709	-10.83291
0.952148	-1.819868	-10.784151
0.957031	-1.872395	-10.729828
0.961914	-1.924643	-10.669927
0.966797	-1.976584	-10.604436
0.971680	-2.028193	-10.533349
0.976562	-2.07944	-10.45666
0.981445	-2.130299	-10.374365
0.986328	-2.180743	-10.286465
0.991211	-2.230744	-10.192963
0.996094	-2.280275	-10.093864
1.000977	-2.329308	-9.989177
1.005859	-2.377816	-9.878912
1.010742	-2.425773	-9.763085
1.015625	-2.47315	-9.641711
1.020508	-2.519921	-9.514811
1.025391	-2.566059	-9.382406
1.030273	-2.611537	-9.244522
1.035156	-2.656329	-9.101188
1.040039	-2.700407	-8.952432
1.044922	-2.743746	-8.798291
1.049805	-2.786319	-8.638799
1.054688	-2.8281	-8.473997
1.059570	-2.869064	-8.303926
1.064453	-2.909185	-8.128631
1.069336	-2.948437	-7.94816
1.074219	-2.986795	-7.762563
1.079102	-3.024235	-7.571893
1.083984	-3.060732	-7.376207
1.088867	-3.09626	-7.175562
1.093750	-3.130797	-6.970021
1.098633	-3.164319	-6.759646
1.103516	-3.196802	-6.544506
1.108398	-3.228223	-6.324669
1.113281	-3.258559	-6.100207
1.118164	-3.287788	-5.871195
1.123047	-3.315887	-5.63771
1.127930	-3.342836	-5.399832
1.132812	-3.368613	-5.157643
1.137695	-3.393197	-4.911227
1.142578	-3.416567	-4.660672
1.147461	-3.438705	-4.406068
1.152344	-3.459589	-4.147507
1.157227	-3.479201	-3.885083
1.162109	-3.497523	-3.618893
1.166992	-3.514536	-3.349036
1.171875	-3.530223	-3.075614
1.176758	-3.544566	-2.798729
1.181641	-3.557549	-2.518489
1.186523	-3.569155	-2.235001
1.191406	-3.57937	-1.948374
1.196289	-3.588177	-1.658722
1.201172	-3.595563	-1.366158
1.206055	-3.601514	-1.070799
1.210938	-3.606016	-0.772762
1.215820	-3.609056	-0.472168
1.220703	-3.610623	-0.169138
1.225586	-3.610704	0.136204
1.230469	-3.609289	0.443733
1.235352	-3.606368	0.753321
1.240234	-3.60193	1.06484
1.245117	-3.595966	1.37816
1.250000	-3.588468	1.693149
1.254883	-3.579429	2.009673
1.259766	-3.56884	2.327599
1.264648	-3.556696	2.64679
1.269531	-3.542991	2.967108
1.274414	-3.527719	3.288415
1.279297	-3.510876	3.610572
1.284180	-3.492458	3.933437
1.289062	-3.472463	4.256869
1.293945	-3.450887	4.580724
1.298828	-3.427729	4.904858
1.303711	-3.402988	5.229128
1.308594	-3.376663	5.553387
1.313477	-3.348755	5.877488
1.318359	-3.319266	6.201285
1.323242	-3.288197	6.524631
1.328125	-3.25555	6.847376
1.333008	-3.221329	7.169373
1.337891	-3.185538	7.490471
1.342773	-3.148182	7.810523
1.347656	-3.109265	8.129376
1.352539	-3.068795	8.446883
1.357422	-3.026779	8.762892
1.362305	-2.983223	9.077254
1.367188	-2.938137	9.389818
1.372070	-2.891529	9.700433
1.376953	-2.843409	10.00895
1.381836	-2.793789	10.315219
1.386719	-2.742679	10.61909
1.391602	-2.690091	10.920414
1.396484	-2.636038	11.219042
1.401367	-2.580534	11.514826
1.406250	-2.523594	11.807616
1.411133	-2.465231	12.097267
1.416016	-2.405462	12.383632
1.420898	-2.344303	12.666564
1.425781	-2.281771	12.945919
1.430664	-2.217884	13.221553
1.435547	-2.15266	13.493321
1.440430	-2.086119	13.761083
1.445312	-2.018281	14.024696
1.450195	-1.949166	14.284021
1.455078	-1.878796	14.53892
1.459961	-1.807192	14.789254
1.464844	-1.734377	15.034888
1.469727	-1.660375	15.275687
1.474609	-1.585209	15.511518
1.479492	-1.508904	15.74225
1.484375	-1.431485	15.967751
1.489258	-1.352977	16.187896
1.494141	-1.273409	16.402556
1.499023	-1.192805	16.611607
1.503906	-1.111195	16.814927
1.508789	-1.028606	17.012394
1.513672	-0.945068	17.20389
1.518555	-0.86061	17.389299
1.523438	-0.775261	17.568505
1.528320	-0.689053	17.741396
1.533203	-0.602016	17.907863
1.538086	-0.514182	18.067797
1.542969	-0.425583	18.221094
1.547852	-0.336252	18.367649
1.552734	-0.246223	18.507364
1.557617	-0.155528	18.640139
1.562500	-0.064201	18.76588
1.567383	0.027721	18.884493
1.572266	0.120206	18.99589
1.577148	0.213216	19.099982
1.582031	0.306717	19.196685
1.586914	0.400672	19.285919
1.591797	0.495044	19.367603
1.596680	0.589796	19.441663
1.601562	0.684891	19.508026
1.606445	0.780291	19.566622
1.611328	0.875959	19.617385
1.616211	0.971855	19.660252
1.621094	1.06794	19.695161
1.625977	1.164177	19.722057
1.630859	1.260525	19.740884
1.635742	1.356946	19.751594
1.640625	1.453399	19.754138
1.645508	1.549844	19.748473
1.650391	1.646242	19.734558
1.655273	1.742551	19.712357
1.660156	1.838732	19.681836
1.665039	1.934743	19.642964
1.669922	2.030544	19.595716
1.674805	2.126094	19.540067
1.679688	2.221351	19.475999
1.684570	2.316275	19.403496
1.689453	2.410825	19.322546
1.694336	2.504958	19.233139
1.699219	2.598634	19.135271
1.704102	2.691812	19.02894
1.708984	2.78445	18.914149
1.713867	2.876507	18.790904
1.718750	2.967941	18.659214
1.723633	3.058712	18.519092
1.728516	3.148778	18.370556
1.733398	3.238098	18.213627
1.738281	3.326632	18.048329
1.743164	3.414338	17.874691
1.748047	3.501176	17.692744
1.752930	3.587105	17.502524
1.757812	3.672086	17.304071
1.762695	3.756077	17.097428
1.767578	3.839039	16.882641
1.772461	3.920933	16.659763
1.777344	4.001719	16.428846
1.782227	4.081358	16.18995
1.787109	4.159811	15.943135
1.791992	4.23704	15.688468
1.796875	4.313006	15.426018
1.801758	4.387672	15.155857
1.806641	4.461	14.878062
1.811523	4.532954	14.592712
1.816406	4.603495	14.299893
1.821289	4.672589	13.99969
1.826172	4.740199	13.692196
1.831055	4.80629	13.377503
1.835938	4.870827	13.05571
1.840820	4.933776	12.726918
1.845703	4.995102	12.391232
1.850586	5.054773	12.048761
1.855469	5.112755	11.699614
1.860352	5.169016	11.343909
1.865234	5.223525	10.981762
1.870117	5.27625	10.613295
1.875000	5.32716	10.238632
1.879883	5.376227	9.857903
1.884766	5.423419	9.471236
1.889648	5.46871	9.078768
1.894531	5.51207	8.680634
1.899414	5.553473	8.276975
1.904297	5.592891	7.867933
1.909180	5.630299	7.453656
1.914062	5.665672	7.034291
1.918945	5.698986	6.60999
1.923828	5.730215	6.180909
1.928711	5.759338	5.747202
1.933594	5.786333	5.309032
1.938477	5.811177	4.866558
1.943359	5.833851	4.419948
1.948242	5.854335	3.969366
1.953125	5.872608	3.514984
1.958008	5.888655	3.056973
1.962891	5.902456	2.595507
1.967773	5.913996	2.130763
1.972656	5.923259	1.662919
1.977539	5.930231	1.192155
1.982422	5.934897	0.718655
1.987305	5.937245	0.242602
1.992188	5.937262	-0.235817
1.997070	5.934938	-0.716414
2.001953	5.930263	-1.199
2.006836	5.923226	-1.683382
2.011719	5.913821	-2.169369
2.016602	5.902039	-2.656765
2.021484	5.887874	-3.145375
2.026367	5.871321	-3.635002
2.031250	5.852374	-4.125448
2.036133	5.831032	-4.616513
2.041016	5.807291	-5.107996
2.045898	5.781149	-5.599696
2.050781	5.752606	-6.091411
2.055664	5.721663	-6.582937
2.060547	5.68832	-7.07407
2.065430	5.652581	-7.564606
2.070312	5.614448	-8.054339
2.075195	5.573927	-8.543064
2.080078	5.531022	-9.030574
2.084961	5.48574	-9.516664
2.089844	5.438089	-10.001125
2.094727	5.388076	-10.483752
2.099609	5.335711	-10.964338
2.104492	5.281006	-11.442676
2.109375	5.223971	-11.918559
2.114258	5.164618	-12.39178
2.119141	5.102962	-12.862134
2.124023	5.039016	-13.329414
2.128906	4.972797	-13.793415
2.133789	4.904321	-14.253932
2.138672	4.833605	-14.710762
2.143555	4.760667	-15.1637
2.148438	4.685528	-15.612545
2.153320	4.608208	-16.057094
2.158203	4.528728	-16.497147
2.163086	4.447111	-16.932504
2.167969	4.363379	-17.362967
2.172852	4.277559	-17.788339
2.177734	4.189674	-18.208424
2.182617	4.099751	-18.623027
2.187500	4.007818	-19.031957
2.192383	3.913902	-19.435021
2.197266	3.818032	-19.83203
2.202148	3.72024	-20.222797
2.207031	3.620554	-20.607136
2.211914	3.519009	-20.984862
2.216797	3.415635	-21.355795
2.221680	3.310467	-21.719755
2.226562	3.20354	-22.076563
2.231445	3.094888	-22.426046
2.236328	2.984548	-22.76803
2.241211	2.872556	-23.102344
2.246094	2.758952	-23.428822
2.250977	2.643772	-23.747298
2.255859	2.527058	-24.057609
2.260742	2.408848	-24.359596
2.265625	2.289185	-24.653102
2.270508	2.168109	-24.937973
2.275391	2.045664	-25.214058
2.280273	1.921893	-25.481209
2.285156	1.796839	-25.739282
2.290039	1.670548	-25.988136
2.294922	1.543064	-26.227631
2.299805	1.414434	-26.457633
2.304688	1.284704	-26.678011
2.309570	1.153922	-26.888637
2.314453	1.022136	-27.089386
2.319336	0.889394	-27.280138
2.324219	0.755745	-27.460776
2.329102	0.621239	-27.631187
2.333984	0.485926	-27.79126
2.338867	0.349857	-27.94089
2.343750	0.213083	-28.079976
2.348633	0.075656	-28.20842
2.353516	-0.062373	-28.326128
2.358398	-0.200949	-28.433011
2.363281	-0.340021	-28.528983
2.368164	-0.479535	-28.613963
2.373047	-0.619436	-28.687874
2.377930	-0.759671	-28.750642
2.382812	-0.900186	-28.802201
2.387695	-1.040925	-28.842485
2.392578	-1.181832	-28.871434
2.397461	-1.322854	-28.888995
2.402344	-1.463933	-28.895115
2.407227	-1.605014	-28.88975
2.412109	-1.746041	-28.872856
2.416992	-1.886956	-28.844398
2.421875	-2.027705	-28.804342
2.426758	-2.16823	-28.752661
2.431641	-2.308474	-28.689332
2.436523	-2.44838	-28.614337
2.441406	-2.587892	-28.527661
2.446289	-2.726952	-28.429296
2.451172	-2.865503	-28.319238
2.456055	-3.003488	-28.197487
2.460938	-3.14085	-28.064049
2.465820	-3.277532	-27.918934
2.470703	-3.413477	-27.762157
2.475586	-3.548628	-27.593738
2.480469	-3.682928	-27.413701
2.485352	-3.816321	-27.222077
2.490234	-3.94875	-27.0189
2.495117	-4.080158	-26.804209
2.500000	-4.210491	-26.578048
2.504883	-4.339691	-26.340467
2.509766	-4.467703	-26.091518
2.514648	-4.594473	-25.831262
2.519531	-4.719943	-25.55976
2.524414	-4.844061	-25.277083
2.529297	-4.966772	-24.983302
2.534180	-5.088021	-24.678496
2.539062	-5.207755	-24.362747
2.543945	-5.325921	-24.036143
2.548828	-5.442465	-23.698776
2.553711	-5.557337	-23.350744
2.558594	-5.670483	-22.992147
2.563477	-5.781852	-22.623092
2.568359	-5.891395	-22.24369
2.573242	-5.999059	-21.854056
2.578125	-6.104797	-21.45431
2.583008	-6.208558	-21.044578
2.587891	-6.310294	-20.624988
2.592773	-6.409958	-20.195673
2.597656	-6.507502	-19.756772
2.602539	-6.60288	-19.308427
2.607422	-6.696046	-18.850785
2.612305	-6.786955	-18.383997
2.617188	-6.875562	-17.908218
2.622070	-6.961825	-17.423607
2.626953	-7.045701	-16.930328
2.631836	-7.127146	-16.428548
2.636719	-7.206122	-15.918439
2.641602	-7.282587	-15.400177
2.646484	-7.356501	-14.873942
2.651367	-7.427827	-14.339915
2.656250	-7.496527	-13.798286
2.661133	-7.562564	-13.249243
2.666016	-7.625903	-12.692983
2.670898	-7.686508	-12.129703
2.675781	-7.744346	-11.559604
2.680664	-7.799384	-10.982892
2.685547	-7.85159	-10.399774
2.690430	-7.900934	-9.810464
2.695312	-7.947386	-9.215174
2.700195	-7.990916	-8.614124
2.705078	-8.031499	-8.007535
2.709961	-8.069106	-7.39563
2.714844	-8.103714	-6.778636
2.719727	-8.135296	-6.156784
2.724609	-8.163831	-5.530305
2.729492	-8.189296	-4.899434
2.734375	-8.21167	-4.26441
2.739258	-8.230934	-3.625473
2.744141	-8.247069	-2.982864
2.749023	-8.260058	-2.336828
2.753906	-8.269885	-1.687613
2.758789	-8.276534	-1.035467
2.763672	-8.279992	-0.380642
2.768555	-8.280247	0.27661
2.773438	-8.277287	0.936034
2.778320	-8.271103	1.597374
2.783203	-8.261685	2.260372
2.788086	-8.249027	2.924768
2.792969	-8.233121	3.590302
2.797852	-8.213964	4.256711
2.802734	-8.191551	4.923733
2.807617	-8.16588	5.591101
2.812500	-8.13695	6.258553
2.817383	-8.104762	6.92582
2.822266	-8.069316	7.592635
2.827148	-8.030616	8.258733
2.832031	-7.988666	8.923843
2.836914	-7.943471	9.587697
2.841797	-7.895038	10.250026
2.846680	-7.843376	10.910561
2.851562	-7.788493	11.569033
2.856445	-7.730401	12.225172
2.861328	-7.669111	12.878708
2.866211	-7.604637	13.529373
2.871094	-7.536993	14.176898
2.875977	-7.466196	14.821014
2.880859	-7.392263	15.461454
2.885742	-7.315212	16.09795
2.890625	-7.235063	16.730236
2.895508	-7.151838	17.358047
2.900391	-7.065559	17.981117
2.905273	-6.976249	18.599184
2.910156	-6.883935	19.211984
2.915039	-6.788641	19.819258
2.919922	-6.690397	20.420745
2.924805	-6.58923	21.016188
2.929688	-6.485171	21.605329
2.934570	-6.378251	22.187915
2.939453	-6.268503	22.763693
2.944336	-6.155961	23.332411
2.949219	-6.040659	23.893822
2.954102	-5.922635	24.447678
2.958984	-5.801925	24.993735
2.963867	-5.678569	25.531751
2.968750	-5.552605	26.061488
2.973633	-5.424076	26.582708
2.978516	-5.293023	27.095176
2.983398	-5.159489	27.598663
2.988281	-5.023519	28.092939
2.993164	-4.885159	28.577779
2.998047	-4.744455	29.052961
3.002930	-4.601455	29.518266
3.007812	-4.456207	29.973479
3.012695	-4.308762	30.418385
3.017578	-4.15917	30.852778
3.022461	-4.007483	31.276452
3.027344	-3.853754	31.689205
3.032227	-3.698036	32.090839
3.037109	-3.540385	32.481161
3.041992	-3.380856	32.859981
3.046875	-3.219506	33.227113
3.051758	-3.056392	33.582374
3.056641	-2.891572	33.925589
3.061523	-2.725107	34.256582
3.066406	-2.557056	34.575186
3.071289	-2.387479	34.881237
3.076172	-2.216439	35.174573
3.081055	-2.043998	35.455041
3.085938	-1.87022	35.72249
3.090820	-1.695167	35.976773
3.095703	-1.518906	36.217751
3.100586	-1.3415	36.445287
3.105469	-1.163017	36.65925
3.110352	-0.983522	36.859515
3.115234	-0.803083	37.04596
3.120117	-0.621768	37.21847
3.125000	-0.439644	37.376934
3.129883	-0.256782	37.521248
3.134766	-0.073249	37.651311
3.139648	0.110883	37.76703
3.144531	0.295546	37.868316
3.149414	0.480668	37.955085
3.154297	0.666177	38.027259
3.159180	0.852004	38.084767
3.164062	1.038075	38.127541
3.168945	1.224319	38.155522
3.173828	1.410663	38.168653
3.178711	1.597035	38.166887
3.183594	1.783362	38.150178
3.188477	1.969571	38.11849
3.193359	2.155589	38.071791
3.198242	2.341342	38.010056
3.203125	2.526756	37.933263
3.208008	2.711759	37.841399
3.212891	2.896277	37.734457
3.217773	3.080235	37.612434
3.222656	3.263561	37.475334
3.227539	3.446181	37.323167
3.232422	3.628021	37.15595
3.237305	3.809007	36.973705
3.242188	3.989068	36.776459
3.247070	4.168128	36.564248
3.251953	4.346116	36.337111
3.256836	4.522958	36.095094
3.261719	4.698583	35.838252
3.266602	4.872917	35.566641
3.271484	5.04589	35.280326
3.276367	5.217428	34.979379
3.281250	5.387461	34.663876
3.286133	5.555919	34.333899
3.291016	5.72273	33.989537
3.295898	5.887825	33.630885
3.300781	6.051133	33.258043
3.305664	6.212587	32.871119
3.310547	6.372118	32.470223
3.315430	6.529657	32.055476
3.320312	6.685137	31.627
3.325195	6.838492	31.184927
3.330078	6.989656	30.729391
3.334961	7.138562	30.260534
3.339844	7.285147	29.778503
3.344727	7.429347	29.283452
3.349609	7.571097	28.775538
3.354492	7.710337	28.254925
3.359375	7.847004	27.721784
3.364258	7.981037	27.176288
3.369141	8.112378	26.618619
3.374023	8.240965	26.048961
3.378906	8.366743	25.467507
3.383789	8.489653	24.874451
3.388672	8.609639	24.269995
3.393555	8.726646	23.654346
3.398438	8.84062	23.027715
3.403320	8.951509	22.390318
3.408203	9.059259	21.742376
3.413086	9.16382	21.084116
3.417969	9.265142	20.415767
3.422852	9.363176	19.737566
3.427734	9.457876	19.049752
3.432617	9.549194	18.352569
3.437500	9.637085	17.646266
3.442383	9.721506	16.931096
3.447266	9.802414	16.207316
3.452148	9.879767	15.475188
3.457031	9.953526	14.734976
3.461914	10.023651	13.98695
3.466797	10.090105	13.231382
3.471680	10.152852	12.468551
3.476562	10.211857	11.698735
3.481445	10.267086	10.922219
3.486328	10.318508	10.13929
3.491211	10.366093	9.350238
3.496094	10.40981	8.555357
3.500977	10.449632	7.754945
3.505859	10.485533	6.949301
3.510742	10.517488	6.138727
3.515625	10.545474	5.323529
3.520508	10.569469	4.504016
3.525391	10.589452	3.680497
3.530273	10.605405	2.853285
3.535156	10.617311	2.022697
3.540039	10.625153	1.189049
3.544922	10.628918	0.352661
3.549805	10.628593	-0.486146
3.554688	10.624167	-1.327049
3.559570	10.615631	-2.169722
3.564453	10.602976	-3.01384
3.569336	10.586197	-3.859074
3.574219	10.565289	-4.705096
3.579102	10.540248	-5.551575
3.583984	10.511074	-6.39818
3.588867	10.477766	-7.244578
3.593750	10.440327	-8.090437
3.598633	10.398759	-8.935424
3.603516	10.353069	-9.779203
3.608398	10.303262	-10.621441
3.613281	10.249347	-11.461803
3.618164	10.191334	-12.299954
3.623047	10.129234	-13.135559
3.627930	10.063062	-13.968283
3.632812	9.992831	-14.797792
3.637695	9.918558	-15.623751
3.642578	9.840261	-16.445829
3.647461	9.757961	-17.263691
3.652344	9.671678	-18.077006
3.657227	9.581435	-18.885443
3.662109	9.487258	-19.688672
3.666992	9.389172	-20.486364
3.671875	9.287206	-21.278193
3.676758	9.181388	-22.063831
3.681641	9.071749	-22.842956
3.686523	8.958323	-23.615245
3.691406	8.841143	-24.380376
3.696289	8.720245	-25.138032
3.701172	8.595667	-25.887897
3.706055	8.467447	-26.629656
3.710938	8.335626	-27.362998
3.715820	8.200245	-28.087613
3.720703	8.061347	-28.803195
3.725586	7.918979	-29.509441
3.730469	7.773185	-30.206049
3.735352	7.624014	-30.892723
3.740234	7.471515	-31.569168
3.745117	7.315738	-32.235092
3.750000	7.156736	-32.890208
3.754883	6.994563	-33.534233
3.759766	6.829272	-34.166884
3.764648	6.660921	-34.787886
3.769531	6.489566	-35.396967
3.774414	6.315267	-35.993856
3.779297	6.138084	-36.57829
3.784180	5.958078	-37.150009
3.789062	5.775312	-37.708755
3.793945	5.58985	-38.254279
3.798828	5.401757	-38.786334
3.803711	5.2111	-39.304676
3.808594	5.017945	-39.809069
3.813477	4.822362	-40.29928
3.818359	4.624421	-40.775082
3.823242	4.424192	-41.236253
3.828125	4.221747	-41.682576
3.833008	4.01716	-42.113839
3.837891	3.810504	-42.529836
3.842773	3.601855	-42.930366
3.847656	3.391288	-43.315234
3.852539	3.17888	-43.684251
3.857422	2.96471	-44.037233
3.862305	2.748855	-44.374002
3.867188	2.531397	-44.694386
3.872070	2.312414	-44.998221
3.876953	2.091988	-45.285345
3.881836	1.870201	-45.555606
3.886719	1.647137	-45.808857
3.891602	1.422877	-46.044956
3.896484	1.197507	-46.26377
3.901367	0.971111	-46.46517
3.906250	0.743774	-46.649035
3.911133	0.515583	-46.815251
3.916016	0.286623	-46.963709
3.920898	0.056982	-47.094309
3.925781	-0.173253	-47.206955
3.930664	-0.403994	-47.30156
3.935547	-0.635153	-47.378043
3.940430	-0.866641	-47.43633
3.945312	-1.098369	-47.476355
3.950195	-1.330247	-47.498057
3.955078	-1.562187	-47.501385
3.959961	-1.794098	-47.486291
3.964844	-2.02589	-47.452739
3.969727	-2.257474	-47.400696
3.974609	-2.488758	-47.330138
3.979492	-2.719652	-47.241048
3.984375	-2.950066	-47.133418
3.989258	-3.179909	-47.007244
3.994141	-3.409091	-46.862531
3.999023	-3.637521	-46.699292
4.003906	-3.865108	-46.517546
4.008789	-4.091763	-46.31732
4.013672	-4.317396	-46.098648
4.018555	-4.541916	-45.861572
4.023438	-4.765233	-45.606141
4.028320	-4.987258	-45.33241
4.033203	-5.207903	-45.040443
4.038086	-5.427077	-44.730312
4.042969	-5.644693	-44.402093
4.047852	-5.860662	-44.055874
4.052734	-6.074897	-43.691745
4.057617	-6.28731	-43.309808
4.062500	-6.497815	-42.91017
4.067383	-6.706326	-42.492944
4.072266	-6.912757	-42.058253
4.077148	-7.117023	-41.606224
4.082031	-7.31904	-41.136995
4.086914	-7.518723	-40.650707
4.091797	-7.715992	-40.147511
4.096680	-7.910762	-39.627564
4.101562	-8.102953	-39.091029
4.106445	-8.292483	-38.538077
4.111328	-8.479275	-37.968886
4.116211	-8.663247	-37.383639
4.121094	-8.844323	-36.782529
4.125977	-9.022426	-36.165752
4.130859	-9.197479	-35.533513
4.135742	-9.369408	-34.886024
4.140625	-9.538139	-34.2235
4.145508	-9.703598	-33.546166
4.150391	-9.865714	-32.854253
4.155273	-10.024417	-32.147995
4.160156	-10.179637	-31.427636
4.165039	-10.331305	-30.693424
4.169922	-10.479355	-29.945614
4.174805	-10.623721	-29.184466
4.179688	-10.764338	-28.410246
4.184570	-10.901144	-27.623226
4.189453	-11.034076	-26.823685
4.194336	-11.163074	-26.011904
4.199219	-11.288079	-25.188172
4.204102	-11.409033	-24.352785
4.208984	-11.525881	-23.506039
4.213867	-11.638566	-22.648241
4.218750	-11.747037	-21.779698
4.223633	-11.851242	-20.900726
4.228516	-11.951129	-20.011642
4.233398	-12.046652	-19.112772
4.238281	-12.137762	-18.204442
4.243164	-12.224415	-17.286986
4.248047	-12.306566	-16.36074
4.252930	-12.384174	-15.426046
4.257812	-12.457198	-14.483248
4.262695	-12.525599	-13.532696
4.267578	-12.589341	-12.574743
4.272461	-12.648388	-11.609745
4.277344	-12.702707	-10.638063
4.282227	-12.752265	-9.66006
4.287109	-12.797034	-8.676102
4.291992	-12.836984	-7.686561
4.296875	-12.872089	-6.691808
4.301758	-12.902325	-5.692219
4.306641	-12.92767	-4.688174
4.311523	-12.948102	-3.680053
4.316406	-12.963602	-2.66824
4.321289	-12.974153	-1.65312
4.326172	-12.979741	-0.635082
4.331055	-12.980351	0.385485
4.335938	-12.975973	1.408189
4.340820	-12.966597	2.432635
4.345703	-12.952215	3.458431
4.350586	-12.932821	4.485178
4.355469	-12.908413	5.51248
4.360352	-12.878988	6.539937
4.365234	-12.844547	7.56715
4.370117	-12.805091	8.593719
4.375000	-12.760626	9.619243
4.379883	-12.711156	10.643321
4.384766	-12.65669	11.665549
4.389648	-12.597238	12.685528
4.394531	-12.532812	13.702854
4.399414	-12.463426	14.717127
4.404297	-12.389096	15.727944
4.409180	-12.309839	16.734906
4.414062	-12.225676	17.737612
4.418945	-12.136628	18.735662
4.423828	-12.042719	19.728658
4.428711	-11.943974	20.716203
4.433594	-11.840422	21.6979
4.438477	-11.732091	22.673356
4.443359	-11.619013	23.642178
4.448242	-11.501221	24.603974
4.453125	-11.378752	25.558354
4.458008	-11.251641	26.504933
4.462891	-11.119928	27.443324
4.467773	-10.983654	28.373146
4.472656	-10.842861	29.294018
4.477539	-10.697594	30.205563
4.482422	-10.5479	31.107406
4.487305	-10.393827	31.999177
4.492188	-10.235426	32.880506
4.497070	-10.072746	33.751029
4.501953	-9.905844	34.610385
4.506836	-9.734773	35.458215
4.511719	-9.559591	36.294165
4.516602	-9.380358	37.117885
4.521484	-9.197133	37.929029
4.526367	-9.009978	38.727255
4.531250	-8.818958	39.512225
4.536133	-8.624139	40.283606
4.541016	-8.425586	41.041069
4.545898	-8.22337	41.784291
4.550781	-8.01756	42.512953
4.555664	-7.808229	43.22674
4.560547	-7.595449	43.925344
4.565430	-7.379296	44.608462
4.570312	-7.159845	45.275795
4.575195	-6.937175	45.927051
4.580078	-6.711365	46.561944
4.584961	-6.482496	47.180192
4.589844	-6.250649	47.78152
4.594727	-6.015908	48.36566
4.599609	-5.778356	48.932347
4.604492	-5.538081	49.481327
4.609375	-5.29517	50.012348
4.614258	-5.049709	50.525167
4.619141	-4.80179	51.019547
4.624023	-4.551502	51.495257
4.628906	-4.298937	51.952074
4.633789	-4.044188	52.389781
4.638672	-3.78735	52.808169
4.643555	-3.528515	53.207035
4.648438	-3.267782	53.586184
4.653320	-3.005245	53.945428
4.658203	-2.741004	54.284586
4.663086	-2.475155	54.603485
4.667969	-2.2078	54.90196
4.672852	-1.939037	55.179853
4.677734	-1.668968	55.437013
4.682617	-1.397694	55.673298
4.687500	-1.125317	55.888573
4.692383	-0.851941	56.082713
4.697266	-0.577669	56.255597
4.702148	-0.302605	56.407116
4.707031	-0.026853	56.537168
4.711914	0.249481	56.645657
4.716797	0.526292	56.732497
4.721680	0.803474	56.797612
4.726562	1.08092	56.840931
4.731445	1.358525	56.862394
4.736328	1.636181	56.861947
4.741211	1.913782	56.839546
4.746094	2.191219	56.795156
4.750977	2.468386	56.728749
4.755859	2.745175	56.640307
4.760742	3.021478	56.529818
4.765625	3.297188	56.397283
4.770508	3.572197	56.242707
4.775391	3.846398	56.066106
4.780273	4.119682	55.867504
4.785156	4.391943	55.646934
4.790039	4.663073	55.404438
4.794922	4.932966	55.140066
4.799805	5.201515	54.853876
4.804688	5.468613	54.545936
4.809570	5.734155	54.216321
4.814453	5.998034	53.865116
4.819336	6.260147	53.492415
4.824219	6.520386	53.098318
4.829102	6.77865	52.682937
4.833984	7.034834	52.24639
4.838867	7.288835	51.788804
4.843750	7.54055	51.310314
4.848633	7.789878	50.811066
4.853516	8.036718	50.29121
4.858398	8.28097	49.750909
4.863281	8.522534	49.190331
4.868164	8.761311	48.609653
4.873047	8.997205	48.009061
4.877930	9.230118	47.388749
4.882812	9.459954	46.748918
4.887695	9.686619	46.089777
4.892578	9.910018	45.411545
4.897461	10.13006	44.714446
4.902344	10.346653	43.998715
4.907227	10.559705	43.264591
4.912109	10.769129	42.512323
4.916992	10.974836	41.742168
4.921875	11.176739	40.95439
4.926758	11.374753	40.149258
4.931641	11.568793	39.327051
4.936523	11.758778	38.488055
4.941406	11.944626	37.632561
4.946289	12.126258	36.760871
4.951172	12.303593	35.873289
4.956055	12.476557	34.970129
4.960938	12.645074	34.051711
4.965820	12.809069	33.11836
4.970703	12.968471	32.170411
4.975586	13.12321	31.208202
4.980469	13.273216	30.232078
4.985352	13.418423	29.24239
4.990234	13.558765	28.239497
4.995117	13.694179	27.22376
5.000000	13.824602	26.195549
5.004883	13.949975	25.155239
5.009766	14.070239	24.103208
5.014648	14.185339	23.039843
5.019531	14.29522	21.965533
5.024414	14.399829	20.880674
5.029297	14.499116	19.785665
5.034180	14.593033	18.680911
5.039062	14.681532	17.566822
5.043945	14.764569	16.443812
5.048828	14.842102	15.312298
5.053711	14.91409	14.172703
5.058594	14.980495	13.025452
5.063477	15.04128	11.870975
5.068359	15.096412	10.709706
5.073242	15.145857	9.542082
5.078125	15.189586	8.368542
5.083008	15.227572	7.18953
5.087891	15.259788	6.005493
5.092773	15.286212	4.816879
5.097656	15.306821	3.62414
5.102539	15.321598	2.42773
5.107422	15.330525	1.228105
5.112305	15.333587	0.025724
5.117188	15.330772	-1.178953
5.122070	15.32207	-2.385464
5.126953	15.307474	-3.593344
5.131836	15.286978	-4.80213
5.136719	15.260578	-6.011354
5.141602	15.228273	-7.220549
5.146484	15.190065	-8.429247
5.151367	15.145958	-9.63698
5.156250	15.095957	-10.843277
5.161133	15.04007	-12.047669
5.166016	14.978307	-13.249687
5.170898	14.910683	-14.44886
5.175781	14.837211	-15.64472
5.180664	14.757908	-16.836796
5.185547	14.672796	-18.024622
5.190430	14.581894	-19.207728
5.195312	14.485229	-20.385648
5.200195	14.382825	-21.557918
5.205078	14.274712	-22.724072
5.209961	14.160921	-23.883648
5.214844	14.041485	-25.036185
5.219727	13.916439	-26.181223
5.224609	13.785822	-27.318307
5.229492	13.649673	-28.446982
5.234375	13.508034	-29.566794
5.239258	13.360949	-30.677295
5.244141	13.208467	-31.778037
5.249023	13.050634	-32.868577
5.253906	12.887502	-33.948475
5.258789	12.719124	-35.017292
5.263672	12.545555	-36.074594
5.268555	12.366852	-37.119953
5.273438	12.183075	-38.15294
5.278320	11.994286	-39.173135
5.283203	11.800547	-40.180119
5.288086	11.601924	-41.173479
5.292969	11.398485	-42.152804
5.297852	11.190299	-43.117692
5.302734	10.977438	-44.067742
5.307617	10.759975	-45.002559
5.312500	10.537985	-45.921756
5.317383	10.311546	-46.824947
5.322266	10.080737	-47.711754
5.327148	9.845638	-48.581805
5.332031	9.606333	-49.434733
5.336914	9.362906	-50.270177
5.341797	9.115442	-51.087782
5.346680	8.864031	-51.887199
5.351562	8.608762	-52.668088
5.356445	8.349725	-53.430112
5.361328	8.087014	-54.172943
5.366211	7.820724	-54.896259
5.371094	7.55095	-55.599745
5.375977	7.277791	-56.283094
5.380859	7.001344	-56.946004
5.385742	6.721711	-57.588185
5.390625	6.438994	-58.209349
5.395508	6.153295	-58.809219
5.400391	5.86472	-59.387525
5.405273	5.573374	-59.944005
5.410156	5.279365	-60.478404
5.415039	4.982801	-60.990478
5.419922	4.683792	-61.479988
5.424805	4.382448	-61.946704
5.429688	4.078881	-62.390406
5.434570	3.773204	-62.810881
5.439453	3.465532	-63.207926
5.444336	3.155978	-63.581346
5.449219	2.844659	-63.930953
5.454102	2.531691	-64.256572
5.458984	2.217192	-64.558033
5.463867	1.901281	-64.835178
5.468750	1.584076	-65.087856
5.473633	1.265698	-65.315926
5.478516	0.946266	-65.519257
5.483398	0.625902	-65.697728
5.488281	0.304727	-65.851224
5.493164	-0.017136	-65.979643
5.498047	-0.339565	-66.082892
5.502930	-0.662436	-66.160886
5.507812	-0.985626	-66.21355
5.512695	-1.309011	-66.24082
5.517578	-1.632467	-66.242641
5.522461	-1.95587	-66.218968
5.527344	-2.279095	-66.169765
5.532227	-2.602018	-66.095007
5.537109	-2.924513	-65.994678
5.541992	-3.246455	-65.868772
5.546875	-3.567721	-65.717294
5.551758	-3.888184	-65.540257
5.556641	-4.207721	-65.337685
5.561523	-4.526206	-65.109613
5.566406	-4.843515	-64.856083
5.571289	-5.159525	-64.577151
5.576172	-5.47411	-64.272879
5.581055	-5.787149	-63.943342
5.585938	-6.098516	-63.588623
5.590820	-6.40809	-63.208815
5.595703	-6.715749	-62.804021
5.600586	-7.02137	-62.374357
5.605469	-7.324833	-61.919943
5.610352	-7.626017	-61.440913
5.615234	-7.924802	-60.937411
5.620117	-8.22107	-60.409587
5.625000	-8.514701	-59.857605
5.629883	-8.805578	-59.281636
5.634766	-9.093584	-58.681861
5.639648	-9.378604	-58.058471
5.644531	-9.660523	-57.411667
5.649414	-9.939227	-56.741659
5.654297	-10.214604	-56.048665
5.659180	-10.48654	-55.332913
5.664062	-10.754927	-54.594642
5.668945	-11.019655	-53.834099
5.673828	-11.280615	-53.051538
5.678711	-11.537701	-52.247224
5.683594	-11.790807	-51.421432
5.688477	-12.039829	-50.574444
5.693359	-12.284664	-49.70655
5.698242	-12.525211	-48.818051
5.703125	-12.76137	-47.909254
5.708008	-12.993042	-46.980476
5.712891	-13.220131	-46.032042
5.717773	-13.442542	-45.064285
5.722656	-13.660181	-44.077546
5.727539	-13.872957	-43.072174
5.732422	-14.080778	-42.048525
5.737305	-14.283558	-41.006964
5.742188	-14.481208	-39.947863
5.747070	-14.673646	-38.871601
5.751953	-14.860787	-37.778565
5.756836	-15.04255	-36.669149
5.761719	-15.218858	-35.543753
5.766602	-15.389632	-34.402786
5.771484	-15.554798	-33.246661
5.776367	-15.714282	-32.0758
5.781250	-15.868015	-30.890629
5.786133	-16.015926	-29.691583
5.791016	-16.15795	-28.479101
5.795898	-16.294021	-27.253629
5.800781	-16.424078	-26.015617
5.805664	-16.54806	-24.765523
5.810547	-16.66591	-23.50381
5.815430	-16.777572	-22.230945
5.820312	-16.882992	-20.9474
5.825195	-16.982119	-19.653654
5.830078	-17.074906	-18.350189
5.834961	-17.161305	-17.037491
5.839844	-17.241274	-15.716053
5.844727	-17.314769	-14.386369
5.849609	-17.381753	-13.048939
5.854492	-17.442188	-11.704266
5.859375	-17.496041	-10.352858
5.864258	-17.54328	-8.995224
5.869141	-17.583876	-7.631879
5.874023	-17.617802	-6.263339
5.878906	-17.645034	-4.890124
5.883789	-17.66555	-3.512755
5.888672	-17.679332	-2.131758
5.893555	-17.686363	-0.747659
5.898438	-17.686629	0.639013
5.903320	-17.68012	2.027727
5.908203	-17.666825	3.41795
5.913086	-17.64674	4.809148
5.917969	-17.61986	6.200787
5.922852	-17.586185	7.59233
5.927734	-17.545717	8.98324
5.932617	-17.49846	10.37298
5.937500	-17.444421	11.761012
5.942383	-17.38361	13.146796
5.947266	-17.316039	14.529795
5.952148	-17.241723	15.909472
5.957031	-17.160679	17.285287
5.961914	-17.072929	18.656705
5.966797	-16.978493	20.023189
5.971680	-16.877398	21.384204
5.976562	-16.769673	22.739217
5.981445	-16.655346	24.087694
5.986328	-16.534453	25.429105
5.991211	-16.407028	26.762921
5.996094	-16.273109	28.088616
6.000977	-16.132739	29.405666
6.005859	-15.98596	30.713547
6.010742	-15.832818	32.011742
6.015625	-15.673362	33.299733
6.020508	-15.507642	34.577008
6.025391	-15.335714	35.843056
6.030273	-15.157632	37.097372
6.035156	-14.973455	38.339454
6.040039	-14.783244	39.568801
6.044922	-14.587062	40.78492
6.049805	-14.384976	41.987322
6.054688	-14.177053	43.175519
6.059570	-13.963364	44.349031
6.064453	-13.743981	45.507383
6.069336	-13.518981	46.650103
6.074219	-13.28844	47.776726
6.079102	-13.052438	48.886792
6.083984	-12.811058	49.979846
6.088867	-12.564382	51.055441
6.093750	-12.312499	52.113132
6.098633	-12.055495	53.152485
6.103516	-11.793462	54.17307
6.108398	-11.526492	55.174462
6.113281	-11.254681	56.156247
6.118164	-10.978124	57.118013
6.123047	-10.696921	58.059359
6.127930	-10.411172	58.97989
6.132812	-10.12098	59.879217
6.137695	-9.826449	60.756961
6.142578	-9.527686	61.61275
6.147461	-9.224798	62.446218
6.152344	-8.917897	63.257009
6.157227	-8.607092	64.044775
6.162109	-8.292497	64.809177
6.166992	-7.974228	65.549882
6.171875	-7.652401	66.266569
6.176758	-7.327133	66.958923
6.181641	-6.998545	67.626639
6.186523	-6.666758	68.269422
6.191406	-6.331893	68.886984
6.196289	-5.994075	69.479048
6.201172	-5.653428	70.045346
6.206055	-5.31008	70.58562
6.210938	-4.964158	71.099621
6.215820	-4.615791	71.587109
6.220703	-4.265109	72.047856
6.225586	-3.912243	72.481643
6.230469	-3.557325	72.88826
6.235352	-3.200488	73.267508
6.240234	-2.841867	73.619199
6.245117	-2.481596	73.943155
6.250000	-2.119811	74.239208
6.254883	-1.756649	74.5072
6.259766	-1.392247	74.746984
6.264648	-1.026744	74.958426
6.269531	-0.660278	75.141399
6.274414	-0.292988	75.295789
6.279297	0.074986	75.421492
6.284180	0.443503	75.518416
6.289062	0.812423	75.586479
6.293945	1.181605	75.625611
6.298828	1.550908	75.635752
6.303711	1.920189	75.616853
6.308594	2.289306	75.568878
6.313477	2.658118	75.491799
6.318359	3.026483	75.385602
6.323242	3.394259	75.250284
6.328125	3.761302	75.085852
6.333008	4.127471	74.892325
6.337891	4.492625	74.669733
6.342773	4.856621	74.418117
6.347656	5.219317	74.13753
6.352539	5.580573	73.828036
6.357422	5.940247	73.48971
6.362305	6.298199	73.122638
6.367188	6.654289	72.726919
6.372070	7.008377	72.302661
6.376953	7.360323	71.849984
6.381836	7.709991	71.369019
6.386719	8.057241	70.859909
6.391602	8.401936	70.322808
6.396484	8.743942	69.757879
6.401367	9.083121	69.165298
6.406250	9.419339	68.545252
6.411133	9.752463	67.897938
6.416016	10.082361	67.223565
6.420898	10.4089	66.52235
6.425781	10.73195	65.794524
6.430664	11.051382	65.040327
6.435547	11.367067	64.260011
6.440430	11.678879	63.453835
6.445312	11.986692	62.622071
6.450195	12.290381	61.765003
6.455078	12.589825	60.882921
6.459961	12.884901	59.976128
6.464844	13.175489	59.044936
6.469727	13.461472	58.089668
6.474609	13.742733	57.110655
6.479492	14.019155	56.108238
6.484375	14.290627	55.082769
6.489258	14.557036	54.034608
6.494141	14.818273	52.964125
6.499023	15.074228	51.871699
6.503906	15.324797	50.757719
6.508789	15.569875	49.62258
6.513672	15.809359	48.466688
6.518555	16.043149	47.290459
6.523438	16.271147	46.094314
6.528320	16.493257	44.878684
6.533203	16.709385	43.644009
6.538086	16.919438	42.390736
6.542969	17.123327	41.11932
6.547852	17.320965	39.830224
6.552734	17.512266	38.523918
6.557617	17.697148	37.200879
6.562500	17.87553	35.861592
6.567383	18.047333	34.506549
6.572266	18.212483	33.136249
6.577148	18.370905	31.751196
6.582031	18.52253	30.351902
6.586914	18.667288	28.938884
6.591797	18.805115	27.512667
6.596680	18.935946	26.073781
6.601562	19.059722	24.62276
6.606445	19.176384	23.160146
6.611328	19.285877	21.686484
6.616211	19.388149	20.202326
6.621094	19.483149	18.708228
6.625977	19.570831	17.20475
6.630859	19.65115	15.692458
6.635742	19.724064	14.17192
6.640625	19.789535	12.643711
6.645508	19.847526	11.108407
6.650391	19.898005	9.566588
6.655273	19.94094	8.018839
6.660156	19.976305	6.465748
6.665039	20.004075	4.907903
6.669922	20.024227	3.345898
6.674805	20.036744	1.780329
6.679688	20.041608	0.211791
6.684570	20.038808	-1.359114
6.689453	20.028333	-2.931786
6.694336	20.010176	-4.505622
6.699219	19.984332	-6.080019
6.704102	19.9508	-7.65437
6.708984	19.909583	-9.22807
6.713867	19.860685	-10.800512
6.718750	19.804112	-12.371089
6.723633	19.739877	-13.939195
6.728516	19.667993	-15.504221
6.733398	19.588475	-17.065561
6.738281	19.501344	-18.62261
6.743164	19.406621	-20.174761
6.748047	19.304333	-21.72141
6.752930	19.194508	-23.261954
6.757812	19.077177	-24.795792
6.762695	18.952374	-26.322323
6.767578	18.820136	-27.84095
6.772461	18.680503	-29.351076
6.777344	18.533519	-30.852109
6.782227	18.379229	-32.343458
6.787109	18.217682	-33.824536
6.791992	18.048929	-35.294757
6.796875	17.873025	-36.75354
6.801758	17.690027	-38.200308
6.806641	17.499995	-39.634487
6.811523	17.302993	-41.055507
6.816406	17.099085	-42.462803
6.821289	16.88834	-43.855814
6.826172	16.67083	-45.233982
6.831055	16.446627	-46.596758
6.835938	16.215809	-47.943594
6.840820	15.978455	-49.27395
6.845703	15.734646	-50.587291
6.850586	15.484467	-51.883088
6.855469	15.228005	-53.160816
6.860352	14.965349	-54.419959
6.865234	14.696591	-55.660006
6.870117	14.421826	-56.880454
6.875000	14.14115	-58.080804
6.879883	13.854664	-59.260567
6.884766	13.562468	-60.419259
6.889648	13.264667	-61.556406
6.894531	12.961367	-62.67154
6.899414	12.652677	-63.7642
6.904297	12.338707	-64.833935
6.909180	12.019571	-65.880301
6.914062	11.695384	-66.902863
6.918945	11.366262	-67.901193
6.923828	11.032326	-68.874875
6.928711	10.693697	-69.823498
6.933594	10.350498	-70.746664
6.938477	10.002854	-71.64398
6.943359	9.650892	-72.515067
6.948242	9.294742	-73.359551
6.953125	8.934534	-74.177072
6.958008	8.570401	-74.967277
6.962891	8.202477	-75.729825
6.967773	7.830897	-76.464382
6.972656	7.4558	-77.170629
6.977539	7.077325	-77.848253
6.982422	6.695611	-78.496955
6.987305	6.3108	-79.116445
6.992188	5.923037	-79.706443
6.997070	5.532466	-80.266683
7.001953	5.139232	-80.796907
7.006836	4.743483	-81.29687
7.011719	4.345367	-81.766338
7.016602	3.945033	-82.205088
7.021484	3.542633	-82.612909
7.026367	3.138317	-82.989601
7.031250	2.732238	-83.334977
7.036133	2.32455	-83.64886
7.041016	1.915407	-83.931087
7.045898	1.504962	-84.181505
7.050781	1.093374	-84.399973
7.055664	0.680796	-84.586366
7.060547	0.267387	-84.740565
7.065430	-0.146696	-84.862469
7.070312	-0.561295	-84.951985
7.075195	-0.976252	-85.009035
7.080078	-1.391408	-85.033553
7.084961	-1.806605	-85.025484
7.089844	-2.221682	-84.984787
7.094727	-2.636481	-84.911433
7.099609	-3.050842	-84.805406
7.104492	-3.464606	-84.666701
7.109375	-3.877612	-84.495328
7.114258	-4.289703	-84.291308
7.119141	-4.700717	-84.054674
7.124023	-5.110496	-83.785474
7.128906	-5.518881	-83.483767
7.133789	-5.925714	-83.149623
7.138672	-6.330837	-82.783128
7.143555	-6.734091	-82.384379
7.148438	-7.135319	-81.953485
7.153320	-7.534366	-81.490569
7.158203	-7.931074	-80.995764
7.163086	-8.325288	-80.469218
7.167969	-8.716855	-79.91109
7.172852	-9.105619	-79.321553
7.177734	-9.491428	-78.70079
7.182617	-9.874131	-78.048998
7.187500	-10.253575	-77.366385
7.192383	-10.629612	-76.653173
7.197266	-11.002092	-75.909594
7.202148	-11.370868	-75.135893
7.207031	-11.735792	-74.332328
7.211914	-12.096721	-73.499167
7.216797	-12.45351	-72.63669
7.221680	-12.806017	-71.745189
7.226562	-13.1541	-70.824969
7.231445	-13.49762	-69.876345
7.236328	-13.83644	-68.899642
7.241211	-14.170423	-67.8952
7.246094	-14.499435	-66.863367
7.250977	-14.823342	-65.804502
7.255859	-15.142014	-64.718978
7.260742	-15.45532	-63.607175
7.265625	-15.763135	-62.469485
7.270508	-16.065332	-61.306312
7.275391	-16.361789	-60.118069
7.280273	-16.652383	-58.905179
7.285156	-16.936995	-57.668075
7.290039	-17.215509	-56.407201
7.294922	-17.487809	-55.123009
7.299805	-17.753782	-53.815963
7.304688	-18.013319	-52.486534
7.309570	-18.266311	-51.135204
7.314453	-18.512651	-49.762462
7.319336	-18.752238	-48.368809
7.324219	-18.98497	-46.954752
7.329102	-19.210748	-45.520807
7.333984	-19.429477	-44.0675
7.338867	-19.641064	-42.595363
7.343750	-19.845418	-41.104938
7.348633	-20.042451	-39.596772
7.353516	-20.232077	-38.071423
7.358398	-20.414215	-36.529453
7.363281	-20.588784	-34.971434
7.368164	-20.755708	-33.397944
7.373047	-20.914912	-31.809565
7.377930	-21.066325	-30.20689
7.382812	-21.209879	-28.590516
7.387695	-21.345508	-26.961045
7.392578	-21.47315	-25.319087
7.397461	-21.592745	-23.665256
7.402344	-21.704237	-22.000173
7.407227	-21.807573	-20.324462
7.412109	-21.902702	-18.638753
7.416992	-21.989577	-16.943682
7.421875	-22.068154	-15.239887
7.426758	-22.138391	-13.528012
7.431641	-22.200251	-11.808704
7.436523	-22.253699	-10.082615
7.441406	-22.298704	-8.350397
7.446289	-22.335237	-6.61271
7.451172	-22.363273	-4.870213
7.456055	-22.382791	-3.123571
7.460938	-22.393771	-1.373448
7.465820	-22.396199	0.379487
7.470703	-22.390062	2.134564
7.475586	-22.375351	3.891112
7.480469	-22.352062	5.648458
7.485352	-22.32019	7.405927
7.490234	-22.279739	9.162844
7.495117	-22.230712	10.918534
7.500000	-22.173116	12.67232
7.504883	-22.106963	14.423526
7.509766	-22.032266	16.171476
7.514648	-21.949044	17.915494
7.519531	-21.857318	19.654905
7.524414	-21.757111	21.389034
7.529297	-21.64845	23.117209
7.534180	-21.531367	24.838758
7.539062	-21.405896	26.55301
7.543945	-21.272074	28.259298
7.548828	-21.12994	29.956957
7.553711	-20.97954	31.645322
7.558594	-20.82092	33.323733
7.563477	-20.654131	34.991533
7.568359	-20.479224	36.648067
7.573242	-20.296259	38.292684
7.578125	-20.105293	39.924738
7.583008	-19.90639	41.543584
7.587891	-19.699616	43.148585
7.592773	-19.485041	44.739106
7.597656	-19.262736	46.314517
7.602539	-19.032776	47.874194
7.607422	-18.795241	49.417518
7.612305	-18.550211	50.943875
7.617188	-18.297771	52.452656
7.622070	-18.038007	53.943261
7.626953	-17.771012	55.415093
7.631836	-17.496876	56.867563
7.636719	-17.215697	58.300088
7.641602	-16.927573	59.712092
7.646484	-16.632605	61.103009
7.651367	-16.330899	62.472275
7.656250	-16.02256	63.819338
7.661133	-15.7077	65.143652
7.666016	-15.38643	66.444679
7.670898	-15.058865	67.721892
7.675781	-14.725123	68.974767
7.680664	-14.385324	70.202795
7.685547	-14.03959	71.405471
7.690430	-13.688047	72.582301
7.695312	-13.330821	73.732802
7.700195	-12.968043	74.856497
7.705078	-12.599845	75.952922
7.709961	-12.226361	77.02162
7.714844	-11.847727	78.062147
7.719727	-11.464082	79.074068
7.724609	-11.075566	80.056957
7.729492	-10.682323	81.010401
7.734375	-10.284498	81.933997
7.739258	-9.882236	82.827352
7.744141	-9.475687	83.690086
7.749023	-9.065	84.521828
7.753906	-8.650329	85.322221
7.758789	-8.231827	86.090917
7.763672	-7.80965	86.827583
7.768555	-7.383954	87.531894
7.773438	-6.954899	88.20354
7.778320	-6.522645	88.842222
7.783203	-6.087354	89.447654
7.788086	-5.649188	90.019562
7.792969	-5.208311	90.557685
7.797852	-4.764891	91.061773
7.802734	-4.319092	91.53159
7.807617	-3.871084	91.966914
7.812500	-3.421034	92.367535
7.817383	-2.969114	92.733256
7.822266	-2.515493	93.063892
7.827148	-2.060344	93.359273
7.832031	-1.603839	93.619242
7.836914	-1.146151	93.843656
7.841797	-0.687455	94.032384
7.846680	-0.227925	94.185309
7.851562	0.232265	94.302329
7.856445	0.692938	94.383354
7.861328	1.153919	94.428309
7.866211	1.615031	94.437131
7.871094	2.076097	94.409773
7.875977	2.536942	94.3462
7.880859	2.997388	94.246393
7.885742	3.457258	94.110345
7.890625	3.916375	93.938063
7.895508	4.374563	93.72957
7.900391	4.831644	93.4849
7.905273	5.287443	93.204103
7.910156	5.741782	92.887244
7.915039	6.194486	92.534398
7.919922	6.64538	92.145657
7.924805	7.094288	91.721127
7.929688	7.541036	91.260927
7.934570	7.98545	90.76519
7.939453	8.427357	90.234062
7.944336	8.866585	89.667705
7.949219	9.302961	89.066292
7.954102	9.736316	88.430012
7.958984	10.166479	87.759067
7.963867	10.593282	87.053671
7.968750	11.016557	86.314053
7.973633	11.436137	85.540457
7.978516	11.851858	84.733137
7.983398	12.263555	83.892362
7.988281	12.671065	83.018415
7.993164	13.074228	82.11159
7.998047	13.472883	81.172197
8.002930	13.866873	80.200555
8.007812	14.25604	79.196999
8.012695	14.64023	78.161875
8.017578	15.019289	77.095543
8.022461	15.393066	75.998374
8.027344	15.761411	74.870752
8.032227	16.124176	73.713072
8.037109	16.481217	72.525744
8.041992	16.832388	71.309187
8.046875	17.177549	70.063833
8.051758	17.516559	68.790125
8.056641	17.849282	67.488517
8.061523	18.175582	66.159477
8.066406	18.495326	64.80348
8.071289	18.808385	63.421016
8.076172	19.11463	62.012582
8.081055	19.413935	60.578689
8.085938	19.706178	59.119855
8.090820	19.991238	57.636612
8.095703	20.268997	56.1295
8.100586	20.53934	54.599067
8.105469	20.802154	53.045874
8.110352	21.05733	51.470489
8.115234	21.30476	49.873491
8.120117	21.544341	48.255467
8.125000	21.775972	46.617013
8.129883	21.999553	44.958733
8.134766	22.214991	43.281239
8.139648	22.422191	41.585154
8.144531	22.621066	39.871105
8.149414	22.811529	38.13973
8.154297	22.993498	36.391672
8.159180	23.166891	34.627582
8.164062	23.331632	32.848118
8.168945	23.487649	31.053945
8.173828	23.634871	29.245734
8.178711	23.77323	27.424163
8.183594	23.902664	25.589914
8.188477	24.023112	23.743677
8.193359	24.134518	21.886146
8.198242	24.236827	20.01802
8.203125	24.32999	18.140004
8.208008	24.413961	16.252808
8.212891	24.488695	14.357143
8.217773	24.554154	12.453729
8.222656	24.610302	10.543286
8.227539	24.657106	8.626539
8.232422	24.694537	6.704217
8.237305	24.722569	4.77705
8.242188	24.741181	2.845773
8.247070	24.750354	0.911121
8.251953	24.750074	-1.026166
8.256836	24.74033	-2.965349
8.261719	24.721114	-4.905685
8.266602	24.692422	-6.846431
8.271484	24.654255	-8.786843
8.276367	24.606615	-10.726175
8.281250	24.54951	-12.663683
8.286133	24.48295	-14.598621
8.291016	24.406951	-16.530242
8.295898	24.321529	-18.457803
8.300781	24.226706	-20.380557
8.305664	24.122509	-22.297763
8.310547	24.008965	-24.208678
8.315430	23.886108	-26.11256
8.320312	23.753972	-28.008672
8.325195	23.612599	-29.896277
8.330078	23.462031	-31.774639
8.334961	23.302316	-33.643029
8.339844	23.133504	-35.500717
8.344727	22.955648	-37.346977
8.349609	22.768807	-39.181089
8.354492	22.573041	-41.002334
8.359375	22.368416	-42.809999
8.364258	22.154998	-44.603373
8.369141	21.93286	-46.381753
8.374023	21.702077	-48.144438
8.378906	21.462726	-49.890734
8.383789	21.21489	-51.619952
8.388672	20.958654	-53.331408
8.393555	20.694106	-55.024426
8.398438	20.421337	-56.698334
8.403320	20.140443	-58.352468
8.408203	19.851522	-59.98617
8.413086	19.554675	-61.59879
8.417969	19.250007	-63.189685
8.422852	18.937625	-64.75822
8.427734	18.61764	-66.303766
8.432617	18.290166	-67.825704
8.437500	17.955319	-69.323424
8.442383	17.613219	-70.796322
8.447266	17.26399	-72.243805
8.452148	16.907756	-73.665288
8.457031	16.544646	-75.060196
8.461914	16.17479	-76.427964
8.466797	15.798324	-77.768035
8.471680	15.415383	-79.079863
8.476562	15.026106	-80.362914
8.481445	14.630636	-81.61666
8.486328	14.229117	-82.840589
8.491211	13.821696	-84.034196
8.496094	13.408521	-85.196989
8.500977	12.989745	-86.328485
8.505859	12.565521	-87.428217
8.510742	12.136006	-88.495724
8.515625	11.701358	-89.530561
8.520508	11.261738	-90.532294
8.525391	10.817308	-91.500501
8.530273	10.368234	-92.434771
8.535156	9.914681	-93.334708
8.540039	9.456818	-94.199927
8.544922	8.994817	-95.030058
8.549805	8.528848	-95.824741
8.554688	8.059087	-96.583632
8.559570	7.585707	-97.306398
8.564453	7.108888	-97.992722
8.569336	6.628807	-98.642299
8.574219	6.145645	-99.254837
8.579102	5.659582	-99.830061
8.583984	5.170803	-100.367706
8.588867	4.679491	-100.867525
8.593750	4.18583	-101.329283
8.598633	3.690009	-101.752759
8.603516	3.192214	-102.137748
8.608398	2.692633	-102.484059
8.613281	2.191456	-102.791515
8.618164	1.688873	-103.059954
8.623047	1.185075	-103.28923
8.627930	0.680253	-103.47921
8.632812	0.1746	-103.629777
8.637695	-0.331692	-103.740829
8.642578	-0.83843	-103.812279
8.647461	-1.345419	-103.844056
8.652344	-1.852467	-103.836101
8.657227	-2.359379	-103.788374
8.662109	-2.865961	-103.700849
8.666992	-3.372018	-103.573514
8.671875	-3.877356	-103.406373
8.676758	-4.381781	-103.199446
8.681641	-4.885098	-102.952768
8.686523	-5.387114	-102.666389
8.691406	-5.887635	-102.340374
8.696289	-6.386468	-101.974804
8.701172	-6.883419	-101.569775
8.706055	-7.378296	-101.125398
8.710938	-7.870908	-100.641801
8.715820	-8.361062	-100.119123
8.720703	-8.84857	-99.557523
8.725586	-9.333241	-98.957172
8.730469	-9.814886	-98.318258
8.735352	-10.293318	-97.640983
8.740234	-10.768349	-96.925563
8.745117	-11.239795	-96.17223
8.750000	-11.70747	-95.381232
8.754883	-12.171191	-94.55283
8.759766	-12.630777	-93.6873
8.764648	-13.086046	-92.784933
8.769531	-13.53682	-91.846034
8.774414	-13.982921	-90.870923
8.779297	-14.424173	-89.859933
8.784180	-14.860402	-88.813413
8.789062	-15.291434	-87.731724
8.793945	-15.7171	-86.615243
8.798828	-16.13723	-85.464359
8.803711	-16.551658	-84.279476
8.808594	-16.960217	-83.06101
8.813477	-17.362746	-81.809392
8.818359	-17.759084	-80.525065
8.823242	-18.149071	-79.208485
8.828125	-18.532553	-77.860123
8.833008	-18.909373	-76.480459
8.837891	-19.279382	-75.069989
8.842773	-19.642429	-73.62922
8.847656	-19.998369	-72.158671
8.852539	-20.347056	-70.658873
8.857422	-20.68835	-69.130369
8.862305	-21.022112	-67.573713
8.867188	-21.348205	-65.989473
8.872070	-21.666496	-64.378225
8.876953	-21.976855	-62.740557
8.881836	-22.279155	-61.077069
8.886719	-22.57327	-59.388369
8.891602	-22.859079	-57.675079
8.896484	-23.136464	-55.937828
8.901367	-23.405309	-54.177256
8.906250	-23.665502	-52.394013
8.911133	-23.916934	-50.588758
8.916016	-24.159498	-48.762159
8.920898	-24.393093	-46.914894
8.925781	-24.617619	-45.047647
8.930664	-24.83298	-43.161114
8.935547	-25.039084	-41.255996
8.940430	-25.235842	-39.333004
8.945312	-25.423167	-37.392856
8.950195	-25.600979	-35.436278
8.955078	-25.769199	-33.464001
8.959961	-25.927752	-31.476765
8.964844	-26.076566	-29.475315
8.969727	-26.215575	-27.460404
8.974609	-26.344714	-25.43279
8.979492	-26.463923	-23.393235
8.984375	-26.573145	-21.34251
8.989258	-26.672329	-19.281389
8.994141	-26.761424	-17.21065
8.999023	-26.840387	-15.131078
9.003906	-26.909176	-13.043459
9.008789	-26.967753	-10.948586
9.013672	-27.016085	-8.847254
9.018555	-27.054143	-6.740262
9.023438	-27.0819	-4.628412
9.028320	-27.099335	-2.512508
9.033203	-27.106431	-0.393356
9.038086	-27.103173	1.728233
9.042969	-27.089551	3.85145
9.047852	-27.06556	5.975482
9.052734	-27.031197	8.099515
9.057617	-26.986464	10.222735
9.062500	-26.931368	12.344328
9.067383	-26.865918	14.463477
9.072266	-26.790128	16.579369
9.077148	-26.704017	18.691187
9.082031	-26.607605	20.798119
9.086914	-26.500919	22.899352
9.091797	-26.383989	24.994072
9.096680	-26.256848	27.081472
9.101562	-26.119535	29.160741
9.106445	-25.97209	31.231076
9.111328	-25.81456	33.291671
9.116211	-25.646993	35.341728
9.121094	-25.469444	37.380448
9.125977	-25.28197	39.407039
9.130859	-25.084631	41.420709
9.135742	-24.877493	43.420674
9.140625	-24.660624	45.406152
9.145508	-24.434098	47.376367
9.150391	-24.197991	49.330547
9.155273	-23.952382	51.267926
9.160156	-23.697356	53.187743
9.165039	-23.433	55.089244
9.169922	-23.159406	56.97168
9.174805	-22.876668	58.834309
9.179688	-22.584886	60.676397
9.184570	-22.28416	62.497215
9.189453	-21.974597	64.296043
9.194336	-21.656306	66.072169
9.199219	-21.329399	67.824887
9.204102	-20.993993	69.5535
9.208984	-20.650206	71.25732
9.213867	-20.298162	72.935669
9.218750	-19.937986	74.587876
9.223633	-19.569808	76.21328
9.228516	-19.193761	77.811229
9.233398	-18.809979	79.381082
9.238281	-18.418602	80.922209
9.243164	-18.019771	82.433987
9.248047	-17.613631	83.915806
9.252930	-17.20033	85.367068
9.257812	-16.780019	86.787183
9.262695	-16.352851	88.175574
9.267578	-15.918982	89.531676
9.272461	-15.478571	90.854935
9.277344	-15.031781	92.14481
9.282227	-14.578775	93.400771
9.287109	-14.11972	94.622301
9.291992	-13.654786	95.808896
9.296875	-13.184144	96.960065
9.301758	-12.707969	98.075329
9.306641	-12.226436	99.154222
9.311523	-11.739726	100.196295
9.316406	-11.248017	101.201108
9.321289	-10.751495	102.168237
9.326172	-10.250343	103.097274
9.331055	-9.744748	103.987821
9.335938	-9.2349	104.839497
9.340820	-8.720989	105.651936
9.345703	-8.203207	106.424785
9.350586	-7.681749	107.157707
9.355469	-7.156811	107.850379
9.360352	-6.628589	108.502494
9.365234	-6.097283	109.11376
9.370117	-5.563092	109.6839
9.375000	-5.026218	110.212653
9.379883	-4.486864	110.699773
9.384766	-3.945234	111.145031
9.389648	-3.401532	111.548212
9.394531	-2.855965	111.909119
9.399414	-2.308739	112.227568
9.404297	-1.760062	112.503395
9.409180	-1.210142	112.73645
9.414062	-0.65919	112.926598
9.418945	-0.107413	113.073723
9.423828	0.444976	113.177724
9.428711	0.997767	113.238516
9.433594	1.55075	113.256032
9.438477	2.103713	113.23022
9.443359	2.656444	113.161046
9.448242	3.208731	113.048491
9.453125	3.760362	112.892554
9.458008	4.311126	112.69325
9.462891	4.860812	112.450611
9.467773	5.409206	112.164684
9.472656	5.956099	111.835537
9.477539	6.50128	111.463249
9.482422	7.044538	111.047919
9.487305	7.585663	110.589664
9.492188	8.124445	110.088613
9.497070	8.660677	109.544915
9.501953	9.194151	108.958735
9.506836	9.724659	108.330255
9.511719	10.251995	107.659671
9.516602	10.775954	106.947197
9.521484	11.296333	106.193065
9.526367	11.812929	105.397519
9.531250	12.325539	104.560824
9.536133	12.833964	103.683256
9.541016	13.338005	102.765112
9.545898	13.837464	101.806702
9.550781	14.332146	100.808351
9.555664	14.821856	99.770401
9.560547	15.306402	98.693211
9.565430	15.785594	97.577153
9.570312	16.259241	96.422615
9.575195	16.727159	95.230001
9.580078	17.189161	93.999728
9.584961	17.645064	92.73223
9.589844	18.094689	91.427955
9.594727	18.537856	90.087365
9.599609	18.97439	88.710938
9.604492	19.404116	87.299164
9.609375	19.826864	85.852548
9.614258	20.242464	84.371611
9.619141	20.650751	82.856883
9.624023	21.051559	81.308912
9.628906	21.44473	79.728258
9.633789	21.830103	78.115492
9.638672	22.207525	76.471201
9.643555	22.576842	74.795982
9.648438	22.937905	73.090447
9.653320	23.290568	71.355218
9.658203	23.634686	69.590931
9.663086	23.97012	67.798231
9.667969	24.296733	65.977778
9.672852	24.614391	64.130241
9.677734	24.922962	62.2563
9.682617	25.22232	60.356648
9.687500	25.512342	58.431986
9.692383	25.792906	56.483027
9.697266	26.063895	54.510492
9.702148	26.325198	52.515115
9.707031	26.576702	50.497637
9.711914	26.818304	48.458808
9.716797	27.049899	46.399388
9.721680	27.271391	44.320147
9.726562	27.482682	42.22186
9.731445	27.683684	40.105313
9.736328	27.874307	37.971298
9.741211	28.05447	35.820616
9.746094	28.224092	33.654074
9.750977	28.383099	31.472486
9.755859	28.531418	29.276673
9.760742	28.668982	27.067462
9.765625	28.795728	24.845686
9.770508	28.911596	22.612185
9.775391	29.016532	20.367801
9.780273	29.110484	18.113385
9.785156	29.193406	15.84979
9.790039	29.265254	13.577874
9.794922	29.32599	11.298499
9.799805	29.37558	9.012531
9.804688	29.413994	6.72084
9.809570	29.441205	4.424297
9.814453	29.457193	2.123778
9.819336	29.46194	-0.179839
9.824219	29.455434	-2.485676
9.829102	29.437664	-4.792851
9.833984	29.408628	-7.100481
9.838867	29.368324	-9.407683
9.843750	29.316758	-11.713572
9.848633	29.253937	-14.017264
9.853516	29.179876	-16.317874
9.858398	29.09459	-18.614518
9.863281	28.998101	-20.906311
9.868164	28.890436	-23.192371
9.873047	28.771624	-25.471817
9.877930	28.6417	-27.743768
9.882812	28.500702	-30.007347
9.887695	28.348674	-32.261679
9.892578	28.185663	-34.50589
9.897461	28.011721	-36.739112
9.902344	27.826902	-38.960477
9.907227	27.631268	-41.169123
9.912109	27.424882	-43.364191
9.916992	27.207813	-45.544828
9.921875	26.980133	-47.710183
9.926758	26.741919	-49.859412
9.931641	26.493252	-51.991676
9.936523	26.234217	-54.106141
9.941406	25.964902	-56.201981
9.946289	25.685401	-58.278373
9.951172	25.395811	-60.334504
9.956055	25.096231	-62.369566
9.960938	24.786769	-64.382758
9.965820	24.467531	-66.373289
9.970703	24.13863	-68.340373
9.975586	23.800183	-70.283234
9.980469	23.452311	-72.201104
9.985352	23.095136	-74.093225
9.990234	22.728787	-75.958845
9.995117	22.353395	-77.797225
