0.000000 24.074310
234.375000 28.094958
468.750000 32.063188
703.125000 35.980214
937.500000 39.847221
1171.875000 43.665369
1406.250000 47.435790
1640.625000 51.159588
1875.000000 54.837845
2109.375000 58.471614
2343.750000 62.061927
2578.125000 65.609790
2812.500000 69.116186
3046.875000 72.582077
3281.250000 76.008400
3515.625000 79.396072
3750.000000 82.745989
3984.375000 86.059024
4218.750000 89.336033
4453.125000 92.577849
4687.500000 95.785289
4921.875000 98.959148
5156.250000 102.100204
5390.625000 105.209218
5625.000000 108.286930
5859.375000 111.334068
6093.750000 114.351338
6328.125000 117.339433
6562.500000 120.299029
6796.875000 123.230785
7031.250000 126.135347
7265.625000 129.013345
7500.000000 131.865393
7734.375000 134.692094
7968.750000 137.494033
8203.125000 140.271786
8437.500000 143.025912
8671.875000 145.756958
8906.250000 148.465459
9140.625000 151.151937
9375.000000 153.816903
9609.375000 156.460855
9843.750000 159.084279
10078.125000 161.687652
10312.500000 164.271437
10546.875000 166.836089
10781.250000 169.382050
11015.625000 171.909753
11250.000000 174.419622
11484.375000 176.912070
11718.750000 179.387500
11953.125000 181.846306
12187.500000 184.288874
12421.875000 186.715580
12656.250000 189.126790
12890.625000 191.522865
13125.000000 193.904154
13359.375000 196.271001
13593.750000 198.623739
13828.125000 200.962696
14062.500000 203.288191
14296.875000 205.600535
14531.250000 207.900034
14765.625000 210.186984
15000.000000 212.461677
15234.375000 214.724396
15468.750000 216.975420
15703.125000 219.215018
15937.500000 221.443455
16171.875000 223.660991
16406.250000 225.867877
16640.625000 228.064360
16875.000000 230.250681
17109.375000 232.427076
17343.750000 234.593775
17578.125000 236.751002
17812.500000 238.898976
18046.875000 241.037912
18281.250000 243.168020
18515.625000 245.289503
18750.000000 247.402562
18984.375000 249.507392
19218.750000 251.604183
19453.125000 253.693121
19687.500000 255.774389
19921.875000 257.848165
20156.250000 259.914620
20390.625000 261.973927
20625.000000 264.026249
20859.375000 266.071749
21093.750000 268.110584
21328.125000 270.142910
21562.500000 272.168876
21796.875000 274.188631
22031.250000 276.202318
22265.625000 278.210077
22500.000000 280.212047
22734.375000 282.208361
22968.750000 284.199149
23203.125000 286.184541
23437.500000 288.164661
23671.875000 290.139632
23906.250000 292.109571
24140.625000 294.074597
24375.000000 296.034823
24609.375000 297.990360
24843.750000 299.941317
25078.125000 301.887799
25312.500000 303.829911
25546.875000 305.767754
25781.250000 307.701426
26015.625000 309.631024
26250.000000 311.556643
26484.375000 313.478375
26718.750000 315.396310
26953.125000 317.310535
27187.500000 319.221137
27421.875000 321.128200
27656.250000 323.031805
27890.625000 324.932033
28125.000000 326.828962
28359.375000 328.722668
28593.750000 330.613227
28828.125000 332.500710
29062.500000 334.385190
29296.875000 336.266735
29531.250000 338.145414
29765.625000 340.021293
